<?xml version="1.0" encoding="UTF-8"?>
<!-- Generated by org.testng.reporters.JUnitXMLReporter -->
<testsuite ignored="4" hostname="Sallu" failures="0" tests="1" name="Default test" time="27.215" errors="0" timestamp="2024-08-28T15:46:00 BDT">
  <testcase classname="locatorForPractice.XpathLoopAndDynamicXpathForDarazBD" name="xpathdynamic2" time="0.303"/>
  <testcase classname="locatorForPractice.XpathLoopAndDynamicXpathForDarazBD" name="xpathLoop3" time="0.0">
    <ignored/>
  </testcase> <!-- xpathLoop3 -->
  <testcase classname="locatorForPractice.XpathLoopAndDynamicXpathForDarazBD" name="xpathLoop2" time="0.0">
    <ignored/>
  </testcase> <!-- xpathLoop2 -->
  <testcase classname="locatorForPractice.XpathLoopAndDynamicXpathForDarazBD" name="xpathdynamic1" time="0.0">
    <ignored/>
  </testcase> <!-- xpathdynamic1 -->
  <testcase classname="locatorForPractice.XpathLoopAndDynamicXpathForDarazBD" name="basicXpath1" time="0.0">
    <ignored/>
  </testcase> <!-- basicXpath1 -->
</testsuite> <!-- Default test -->
