<?xml version="1.0" encoding="UTF-8"?>
<!-- Generated by org.testng.reporters.JUnitXMLReporter -->
<testsuite ignored="1" hostname="Sallu" failures="0" tests="1" name="Default test" time="6.0" errors="0" timestamp="2024-09-04T22:51:57 BDT">
  <testcase classname="dynamicCoding.DynamicCodingTest" name="invalidpasswordTest" time="0.72"/>
  <testcase classname="dynamicCoding.DynamicCodingTest" name="validpasswordTest" time="0.0">
    <ignored/>
  </testcase> <!-- validpasswordTest -->
</testsuite> <!-- Default test -->
