<?xml version="1.0" encoding="UTF-8"?>
<testng-results ignored="0" total="1" passed="1" failed="0" skipped="0">
  <reporter-output>
  </reporter-output>
  <suite started-at="2024-08-28T15:45:32 BDT" name="Default suite" finished-at="2024-08-28T15:46:00 BDT" duration-ms="27215">
    <groups>
    </groups>
    <test started-at="2024-08-28T15:45:32 BDT" name="Default test" finished-at="2024-08-28T15:46:00 BDT" duration-ms="27215">
      <class name="locatorForPractice.XpathLoopAndDynamicXpathForDarazBD">
        <test-method is-config="true" signature="opendaraz()[pri:0, instance:locatorForPractice.XpathLoopAndDynamicXpathForDarazBD@158d2680]" started-at="2024-08-28T15:45:33 BDT" name="opendaraz" finished-at="2024-08-28T15:45:59 BDT" duration-ms="26345" status="PASS">
          <reporter-output>
          </reporter-output>
        </test-method> <!-- opendaraz -->
        <test-method signature="xpathdynamic2()[pri:0, instance:locatorForPractice.XpathLoopAndDynamicXpathForDarazBD@158d2680]" started-at="2024-08-28T15:45:59 BDT" name="xpathdynamic2" finished-at="2024-08-28T15:45:59 BDT" duration-ms="303" status="PASS">
          <reporter-output>
          </reporter-output>
        </test-method> <!-- xpathdynamic2 -->
        <test-method is-config="true" signature="closedaraz()[pri:0, instance:locatorForPractice.XpathLoopAndDynamicXpathForDarazBD@158d2680]" started-at="2024-08-28T15:45:59 BDT" name="closedaraz" finished-at="2024-08-28T15:46:00 BDT" duration-ms="487" status="PASS">
          <reporter-output>
          </reporter-output>
        </test-method> <!-- closedaraz -->
      </class> <!-- locatorForPractice.XpathLoopAndDynamicXpathForDarazBD -->
    </test> <!-- Default test -->
  </suite> <!-- Default suite -->
</testng-results>
