<?xml version="1.0" encoding="UTF-8"?>
<testng-results ignored="0" total="3" passed="3" failed="0" skipped="0">
  <reporter-output>
  </reporter-output>
  <suite started-at="2024-08-25T22:48:59 BDT" name="Default suite" finished-at="2024-08-25T22:49:06 BDT" duration-ms="7418">
    <groups>
    </groups>
    <test started-at="2024-08-25T22:48:59 BDT" name="Default test" finished-at="2024-08-25T22:49:06 BDT" duration-ms="7418">
      <class name="locatorsAdv.DynamicXpath">
        <test-method is-config="true" signature="openFacebook()[pri:0, instance:locatorsAdv.DynamicXpath@2a3b5b47]" started-at="2024-08-25T22:48:59 BDT" name="openFacebook" finished-at="2024-08-25T22:49:04 BDT" duration-ms="5906" status="PASS">
          <reporter-output>
          </reporter-output>
        </test-method> <!-- openFacebook -->
        <test-method signature="passTest()[pri:0, instance:locatorsAdv.DynamicXpath@2a3b5b47]" started-at="2024-08-25T22:49:05 BDT" name="passTest" finished-at="2024-08-25T22:49:05 BDT" duration-ms="160" status="PASS">
          <reporter-output>
          </reporter-output>
        </test-method> <!-- passTest -->
        <test-method signature="startWithXpathFormula()[pri:0, instance:locatorsAdv.DynamicXpath@2a3b5b47]" started-at="2024-08-25T22:49:05 BDT" name="startWithXpathFormula" finished-at="2024-08-25T22:49:05 BDT" duration-ms="86" status="PASS">
          <reporter-output>
          </reporter-output>
        </test-method> <!-- startWithXpathFormula -->
        <test-method signature="userNameTest()[pri:0, instance:locatorsAdv.DynamicXpath@2a3b5b47]" started-at="2024-08-25T22:49:05 BDT" name="userNameTest" finished-at="2024-08-25T22:49:06 BDT" duration-ms="971" status="PASS">
          <reporter-output>
          </reporter-output>
        </test-method> <!-- userNameTest -->
        <test-method is-config="true" signature="closeApplication()[pri:0, instance:locatorsAdv.DynamicXpath@2a3b5b47]" started-at="2024-08-25T22:49:06 BDT" name="closeApplication" finished-at="2024-08-25T22:49:06 BDT" duration-ms="207" status="PASS">
          <reporter-output>
          </reporter-output>
        </test-method> <!-- closeApplication -->
      </class> <!-- locatorsAdv.DynamicXpath -->
    </test> <!-- Default test -->
  </suite> <!-- Default suite -->
</testng-results>
